################################################################################
# load_file.sh
#    --nologfile
#    --user "qgis"
#    --database "fire"
#    --geometry "geom"
#    --srid "4283"
#    --table "Annual_Ind_Burn_Prog_DBCA_007"
#<   "Annual_Ind_Burn_Prog_DBCA_007_WA_GDA94_Public.gpkg"
################################################################################
# unzip
#    "Annual_Ind_Burn_Prog_DBCA_007_WA_GDA94_Public_Geopackage.2021-08-20.zip"
#    "Annual_Ind_Burn_Prog_DBCA_007_WA_GDA94_Public.gpkg"
################################################################################
# download-data-wa-gov
#    --nologfile
#    --folder "Environment"
#    --filename "Annual_Ind_Burn_Prog_DBCA_007_WA_GDA94_Public_Geopackage.zip"
#>   --outfile "Annual_Ind_Burn_Prog_DBCA_007_WA_GDA94_Public_Geopackage.2021-08-20.zip"
#    --user "${user}"
#    --password "${password}"
