################################################################################
#< csv2barGraph.py
#    --nologfile
#    --until 2021
#    --width 400
#    --height 200
#    --blocks 2
#    --cumulative
#    --title "Year of last burn by legislated tenure category over 2014-23 FMP"
#    --ylabel "Percentage of legislated tenure category"
#>   --outfile "FMP YOLB/FMP YOLB by leg category cumulative.pdf"
################################################################################
#> event_history.sh
#    --nologfile
#    --with "conservation_estate AS (SELECT ST_Union(geom) AS geom FROM legislated_lands_and_waters_dbca_011 WHERE conservation_estate(leg_category) AND ST_Intersects(geom, (SELECT geom FROM area))), non_conservation AS (SELECT ST_Union(geom) AS geom FROM legislated_lands_and_waters_dbca_011 WHERE (NOT conservation_estate(leg_category)) AND ST_Intersects(geom, (SELECT geom FROM area)))"
#    --eventtable "(SELECT fireseason(fih_date1) AS year, ST_Intersection(history.geom, (SELECT geom FROM area)) AS geom, fih_cause FROM dbca_fire_history_dbca_060_lmu_history AS history, dbca_fire_history_dbca_060 WHERE dbca_fire_history_dbca_060.id = history.id[1])"
#    --area "(SELECT ST_Union(geom) FROM forest_man_plan_2014_2023_dbca_041)"
#    --eventcolumns "year;ST_Area(ST_Intersection(ST_Union(event.geom) FILTER(WHERE fih_cause = 0), (SELECT geom FROM conservation_estate)))/ST_Area((SELECT geom FROM conservation_estate))*100; ST_Area(ST_Intersection(ST_Union(event.geom) FILTER(WHERE fih_cause <> 0), (SELECT geom FROM conservation_estate)))/ST_Area((SELECT geom FROM conservation_estate))*100;ST_Area(ST_Intersection(ST_Union(event.geom) FILTER(WHERE fih_cause = 0), (SELECT geom FROM non_conservation)))/ST_Area((SELECT geom FROM non_conservation))*100;ST_Area(ST_Intersection(ST_Union(event.geom) FILTER(WHERE fih_cause <> 0), (SELECT geom FROM non_conservation)))/ST_Area((SELECT geom FROM non_conservation))*100"
#    --eventgroups year
#    --eventaliases "Year ending June;Conservation estate prescribed burn;Conservation estate other fire;Non-conservation estate prescribed burn;Non-conservation estate other fire"
