################################################################################
##
## Copyright 2022 Jonathan Schultz
##
## This program is free software: you can redistribute it and/or modify
## it under the terms of the GNU General Public License as published by
## the Free Software Foundation, either version 3 of the License, or
## (at your option) any later version.
##
## This program is distributed in the hope that it will be useful,
## but WITHOUT ANY WARRANTY; without even the implied warranty of
## MERCHANTABILITY or FITNESS FOR A PARTICULAR PURPOSE.  See the
## GNU General Public License for more details.
##
## You should have received a copy of the GNU General Public License
## along with this program.  If not, see <http://www.gnu.org/licenses/>.
##
################################################################################
# psql
#    --command "DROP TABLE IF EXISTS burn_previous_fires"
#    --command "
CREATE TABLE burn_previous_fires AS (
    SELECT 
        domain.burnid, 
        domain.location, 
        domain.geom, 
        fireseason(history.fih_date1) AS fireseason,
        ST_Area(ST_Intersection(ST_Union(history.geom),domain.geom)::geography)/10000 AS fire_in_burn_area,
        ST_Area(ST_Union(history.geom)::geography)/10000 AS fire_area
    FROM 
        annual_ind_burn_prog_dbca_007 AS domain, dbca_fire_history_dbca_060 AS history 
    WHERE 
        ST_Intersects(domain.geom, history.geom)
    GROUP BY 
        domain.burnid, domain.location, domain.geom, fireseason(fih_date1))"
