################################################################################
##
## Copyright 2023 Jonathan Schultz
##
## This program is free software: you can redistribute it and/or modify
## it under the terms of the GNU General Public License as published by
## the Free Software Foundation, either version 3 of the License, or
## (at your option) any later version.
##
## This program is distributed in the hope that it will be useful,
## but WITHOUT ANY WARRANTY; without even the implied warranty of
## MERCHANTABILITY or FITNESS FOR A PARTICULAR PURPOSE.  See the
## GNU General Public License for more details.
##
## You should have received a copy of the GNU General Public License
## along with this program.  If not, see <http://www.gnu.org/licenses/>.
##
################################################################################
# overlay_view.sh
#    --nologfile
#    --eventtable "dbca_fire_history_dbca_060"
#    --suffix "${suffix}"
#    --polycolumns "ST_Difference(poly.geom, by.geom);ST_Area(ST_Difference(poly.geom, by.geom)::geography)/10000;poly.id"
#    --polyaliases "geom;area;poly_id"
#    --polygroup "poly.geom,poly.id,by.geom"
#    --where "ST_GeometryType(ST_Difference(poly.geom, by.geom)) IN ('ST_Polygon', 'ST_MultiPolygon')"
#    --eventcolumns "event.id"
#    --eventaliases "id"
#    --byquery "SELECT ST_Union(geom) AS geom, NULL AS fmt_current FROM forest_man_plan_2014_2023_dbca_041 AS fmp WHERE EXISTS (SELECT geom FROM dbca_fire_history_dbca_060_${suffix}_poly AS poly WHERE ST_Intersects(poly.geom, fmp.geom) LIMIT 1)"
#    --bycolumn "fmt_current"
#    --byalias "fmp_category"
#    --bycondition "NOT ST_Contains(by.geom, poly.geom)"
#    --append
#    --viewtable "dbca_fire_history_dbca_060_${suffix}_history_by_fmp_category"
################################################################################
# overlay_view.sh
#    --nologfile
#    --eventtable "dbca_fire_history_dbca_060"
#    --suffix "${suffix}"
#    --polycolumns "ST_Intersection(poly.geom, by.geom);ST_Area(ST_Intersection(poly.geom, by.geom)::geography)/10000;poly.id"
#    --polyaliases "geom;area;poly_id"
#    --polygroup "poly.geom,poly.id,by.geom"
#    --where "ST_GeometryType(ST_Intersection(poly.geom, by.geom)) IN ('ST_Polygon', 'ST_MultiPolygon')"
#    --eventcolumns "event.id"
#    --eventaliases "id"
#    --bytable "forest_man_plan_2014_2023_dbca_041"
#    --bycolumn "fmt_current"
#    --byalias "fmp_category"
#    --bycondition "ST_Intersects(poly.geom, by.geom)"
#    --viewtable "dbca_fire_history_dbca_060_${suffix}_history_by_fmp_category"
