################################################################################
##
## Copyright 2022 Jonathan Schultz
##
## This program is free software: you can redistribute it and/or modify
## it under the terms of the GNU General Public License as published by
## the Free Software Foundation, either version 3 of the License, or
## (at your option) any later version.
##
## This program is distributed in the hope that it will be useful,
## but WITHOUT ANY WARRANTY; without even the implied warranty of
## MERCHANTABILITY or FITNESS FOR A PARTICULAR PURPOSE.  See the
## GNU General Public License for more details.
##
## You should have received a copy of the GNU General Public License
## along with this program.  If not, see <http://www.gnu.org/licenses/>.
##
################################################################################
# overlay_view.sh
#    --nologfile
#    --eventtable "dbca_fire_history_dbca_060"
#    --suffix "lmu"
#    --polycolumns "geom,id"
#    --polyaliases "geom,poly_id"
#    --eventcolumns "id"
#    --where "ST_Area(poly.geom::geography) > 1000"
#    --viewtable "dbca_fire_history_dbca_060_lmu_history"
################################################################################
# overlay_junction.sh
#    --nologfile
#    --eventtable "dbca_fire_history_dbca_060"
#    --suffix "lmu"
#    --where "ST_Intersects(geom, ST_Transform((select ST_Union(full_geom) from land_management_unit), ST_srid(geom)))"
