################################################################################
##
## Copyright 2022 Jonathan Schultz
##
## This program is free software: you can redistribute it and/or modify
## it under the terms of the GNU General Public License as published by
## the Free Software Foundation, either version 3 of the License, or
## (at your option) any later version.
##
## This program is distributed in the hope that it will be useful,
## but WITHOUT ANY WARRANTY; without even the implied warranty of
## MERCHANTABILITY or FITNESS FOR A PARTICULAR PURPOSE.  See the
## GNU General Public License for more details.
##
## You should have received a copy of the GNU General Public License
## along with this program.  If not, see <http://www.gnu.org/licenses/>.
##
################################################################################
# argreplay
#    --substitute suffix:southern
#                 area:(SELECT ST_Union(geom) FROM dbca_region_boundaries_dbca_022 WHERE drg_region_name IN ('SOUTH COAST', 'SOUTH WEST', 'SWAN', 'WARREN'))
#    -- DBCA_Fire_History_DBCA_060_history.arg
