################################################################################
# load_file.sh
#    --nologfile
#    --geometry "geom"
#    --srid "4283"
#    --table "DBCA_Region_Boundaries_DBCA_022"
#<   "DBCA_Region_Boundaries_DBCA_022_WA_GDA94_Public.gpkg"
################################################################################
#< xargs
#    --verbose
#    --replace
#    unzip
#    -o
#    {}
#    "DBCA_Region_Boundaries_DBCA_022_WA_GDA94_Public.gpkg"
################################################################################
#> download-data-wa-gov
#    --nologfile
#    --folder "Environment"
#    --filename "DBCA_Region_Boundaries_DBCA_022_WA_GDA94_Public_Geopackage.zip"
#>   --outfile "DBCA_Region_Boundaries_DBCA_022_WA_GDA94_Public_Geopackage.%Y-%m-%d.zip"
#    --user "${user}"
#    --password "${password}"
