################################################################################
##
## Copyright 2023 Jonathan Schultz
##
## This program is free software: you can redistribute it and/or modify
## it under the terms of the GNU General Public License as published by
## the Free Software Foundation, either version 3 of the License, or
## (at your option) any later version.
##
## This program is distributed in the hope that it will be useful,
## but WITHOUT ANY WARRANTY; without even the implied warranty of
## MERCHANTABILITY or FITNESS FOR A PARTICULAR PURPOSE.  See the
## GNU General Public License for more details.
##
## You should have received a copy of the GNU General Public License
## along with this program.  If not, see <http://www.gnu.org/licenses/>.
##
################################################################################
# overlay_view.sh
#    --nologfile
#    --eventtable "dbca_fire_history_dbca_060"
#    --suffix "${suffix}"
#    --polycolumns "ST_Difference(poly.geom, by.geom);poly.id"
#    --polyaliases "geom;poly_id"
#    --polygroup "poly.geom,poly.id,by.geom"
##    --where "ST_GeometryType(ST_Difference(poly.geom, by.geom)) IN ('ST_Polygon', 'ST_MultiPolygon')"
#    --eventcolumns "event.id"
#    --eventaliases "id"
#    --byquery "SELECT ST_Union(geom) AS geom, NULL AS native_veg_id FROM native_veg_extent_dpird_005_wa AS veg WHERE EXISTS (SELECT geom FROM dbca_fire_history_dbca_060_${suffix}_poly AS poly WHERE ST_Intersects(poly.geom, veg.geom) LIMIT 1)"
#    --bycolumn "native_veg_id"
#    --bycondition "NOT ST_Contains(by.geom, poly.geom)"
#    --append
#    --viewtable "dbca_fire_history_dbca_060_${suffix}_history_by_native_veg"
################################################################################
# overlay_view.sh
#    --nologfile
#    --eventtable "dbca_fire_history_dbca_060"
#    --suffix "${suffix}"
#    --polycolumns "ST_Intersection(poly.geom, by.geom);poly.id"
#    --polyaliases "geom;poly_id"
#    --polygroup "poly.geom,poly.id,by.geom"
##    --where "ST_GeometryType(ST_Difference(poly.geom, by.geom)) IN ('ST_Polygon', 'ST_MultiPolygon')"
#    --eventcolumns "event.id"
#    --eventaliases "id"
#    --byquery "SELECT geom, id AS native_veg_id FROM native_veg_extent_dpird_005_wa AS veg WHERE EXISTS (SELECT geom FROM dbca_region_boundaries_dbca_022 AS region WHERE drg_region_name IN ('SOUTH COAST', 'SOUTH WEST', 'SWAN', 'WARREN') AND ST_Intersects(region.geom, veg.geom))"
#    --bycolumn "native_veg_id"
#    --bycondition "ST_Intersects(poly.geom, by.geom)"
#    --viewtable "dbca_fire_history_dbca_060_${suffix}_history_by_native_veg"
