################################################################################
##
## Copyright 2023 Jonathan Schultz
##
## This program is free software: you can redistribute it and/or modify
## it under the terms of the GNU General Public License as published by
## the Free Software Foundation, either version 3 of the License, or
## (at your option) any later version.
##
## This program is distributed in the hope that it will be useful,
## but WITHOUT ANY WARRANTY; without even the implied warranty of
## MERCHANTABILITY or FITNESS FOR A PARTICULAR PURPOSE.  See the
## GNU General Public License for more details.
##
## You should have received a copy of the GNU General Public License
## along with this program.  If not, see <http://www.gnu.org/licenses/>.
##
################################################################################
# csv2barGraph.py
#    --nologfile
##    --since 0
#    --until 40
#    --width 400
#    --height 200
#    --blocks 3
#    --whitespace 20
#    --colors #008f00
#             #00af00
#             #00cf00
#             #00008f
#             #0000af
#             #0000cf
#    --title "Area burned by fire type: 2014-23 FMP Area"
#    --subtitle "Reference date: 1 July ${baseyear}"
#    --ylabel "Percentage of area burned"
#    --xlabel "Years since last burned"
#>   --outfile "FMP YSLB/FMP YSLB.pdf"
#<   fmp_yslb.csv
################################################################################
# event_history.sh
#    --nologfile
#    --nocomments
#    --eventtable "(
SELECT fireseason(fih_date1) AS year, 
       poly.geom,
       ARRAY_AGG(DISTINCT fih_cause) AS fih_causes
FROM ${basename}_poly AS poly,
     (SELECT view.poly_id, fih_date1, fih_cause
      FROM ${basename}_view AS view,
      LATERAL (SELECT fih_date1, fih_cause 
               FROM (SELECT unnest(view.dbca_fire_history_dbca_060_id) AS event_id) AS event_ids
               JOIN dbca_fire_history_dbca_060
               ON dbca_fire_history_dbca_060.id = event_id
               WHERE fireseason(fih_date1) <= ${baseyear}
               LIMIT 1) AS event
      WHERE view.forest_man_plan_2014_2023_dbca_041_id IS NOT NULL) AS polyevent
WHERE poly.id = polyevent.poly_id
GROUP BY year,
      poly.geom)"
#    --eventcolumns "
${baseyear} - year;
ST_Area(ST_Union(event.geom) FILTER(WHERE fih_causes = '{0}')::geography)/10000;
ST_Area(ST_Union(event.geom) FILTER(WHERE 0 = ANY(fih_causes) AND fih_causes <> '{0}')::geography)/10000;
ST_Area(ST_Union(event.geom) FILTER(WHERE 0 <> ANY(fih_causes))::geography)/10000"
#    --eventgroups year
#    --order "0-year"
#    --eventaliases "Years since last burnt;Prescribed burn;Prescribed and other fire;Other fire"
#>   --csvfile fmp_yslb.csv
