################################################################################
##
## Copyright 2022 Jonathan Schultz
##
## This program is free software: you can redistribute it and/or modify
## it under the terms of the GNU General Public License as published by
## the Free Software Foundation, either version 3 of the License, or
## (at your option) any later version.
##
## This program is distributed in the hope that it will be useful,
## but WITHOUT ANY WARRANTY; without even the implied warranty of
## MERCHANTABILITY or FITNESS FOR A PARTICULAR PURPOSE.  See the
## GNU General Public License for more details.
##
## You should have received a copy of the GNU General Public License
## along with this program.  If not, see <http://www.gnu.org/licenses/>.
##
################################################################################
# psql
#    --command "DROP TABLE IF EXISTS land_management_unit"
#    --command "CREATE TABLE land_management_unit AS (SELECT extcode, description, ST_Multi(ST_Union(geom)) AS full_geom, ST_Multi(ST_Intersection(ST_Union(geom), (SELECT ST_Union(geom) FROM forest_man_plan_2014_2023_dbca_041))) AS fmp_geom FROM land_management_unit_raw GROUP BY extcode, description)"
#    --command "CREATE UNIQUE INDEX ON land_management_unit (extcode)"
#    --command "CREATE UNIQUE INDEX ON land_management_unit (description)"
#    --command "DROP TABLE land_management_unit_raw"
################################################################################
# load_file.sh
#    --nologfile
#    --table "land_management_unit_raw"
#    --geometry "geom"
#    --srid "4283"
#<   "Vegetation.gdb"

