################################################################################
# load_file.sh
#    --nologfile
#    --geometry "geom"
#    --srid "4283"
#    --table "Legislated_Lands_and_Waters_DBCA_011"
#<   "Legislated_Lands_and_Waters_DBCA_011_WA_GDA94_Public.gpkg"
################################################################################
#< xargs
#    --verbose
#    --replace
#    unzip
#    -o
#    {}
#    "Legislated_Lands_and_Waters_DBCA_011_WA_GDA94_Public.gpkg"
################################################################################
#> download-data-wa-gov
#    --nologfile
#    --folder "Environment"
#    --filename "Legislated_Lands_and_Waters_DBCA_011_WA_GDA94_Public_Geopackage.zip"
#>   --outfile "Legislated_Lands_and_Waters_DBCA_011_WA_GDA94_Public_Geopackage.%Y-%m-%d.zip"
#    --user "${user}"
#    --password "${password}"
