################################################################################
##
## Copyright 2022 Jonathan Schultz
##
## This program is free software: you can redistribute it and/or modify
## it under the terms of the GNU General Public License as published by
## the Free Software Foundation, either version 3 of the License, or
## (at your option) any later version.
##
## This program is distributed in the hope that it will be useful,
## but WITHOUT ANY WARRANTY; without even the implied warranty of
## MERCHANTABILITY or FITNESS FOR A PARTICULAR PURPOSE.  See the
## GNU General Public License for more details.
##
## You should have received a copy of the GNU General Public License
## along with this program.  If not, see <http://www.gnu.org/licenses/>.
##
################################################################################
# exportQgisLayout.py
#    --nologfile
#    --simplify
#    --layout "3 year indicative burn program"
#    --outfile "3 year indicative burn program.pdf"
#     "LMU project products.qgs"
################################################################################
# exportQgisLayout.py
#    --nologfile
#    --simplify
#    --layout "Fire interval since 1980"
#    --outfile "Fire interval since 1980.pdf"
#     "LMU project products.qgs"
################################################################################
# exportQgisLayout.py
#    --nologfile
#    --simplify
#    --layout "Fire interval since 2004"
#    --outfile "Fire interval since 2004.pdf"
#     "LMU project products.qgs"
################################################################################
# exportQgisLayout.py
#    --nologfile
#    --simplify
#    --layout "Forest condition"
#    --outfile "Forest condition.pdf"
#     "LMU project products.qgs"
################################################################################
