################################################################################
##
## Copyright 2022 Jonathan Schultz
##
## This program is free software: you can redistribute it and/or modify
## it under the terms of the GNU General Public License as published by
## the Free Software Foundation, either version 3 of the License, or
## (at your option) any later version.
##
## This program is distributed in the hope that it will be useful,
## but WITHOUT ANY WARRANTY; without even the implied warranty of
## MERCHANTABILITY or FITNESS FOR A PARTICULAR PURPOSE.  See the
## GNU General Public License for more details.
##
## You should have received a copy of the GNU General Public License
## along with this program.  If not, see <http://www.gnu.org/licenses/>.
##
################################################################################
# psql
#    --command "DROP TABLE IF EXISTS lmu_fire_history_atlas"
#    --command "
CREATE TABLE lmu_fire_history_atlas AS (
    SELECT DISTINCT 
        land_management_unit.description, 
        year, 
        land_management_unit.full_geom, 
        Round(ST_Area(land_management_unit.full_geom::geography)/10000) AS full_area,
        Round(ST_Area(land_management_unit.fmp_geom::geography)/10000) AS fmp_area 
    FROM 
        lmu_fire_history, 
        land_management_unit 
    WHERE 
        land_management_unit.description=lmu_fire_history.description 
    ORDER BY 
        land_management_unit.description, year)"
