################################################################################
##
## Copyright 2023 Jonathan Schultz
##
## This program is free software: you can redistribute it and/or modify
## it under the terms of the GNU General Public License as published by
## the Free Software Foundation, either version 3 of the License, or
## (at your option) any later version.
##
## This program is distributed in the hope that it will be useful,
## but WITHOUT ANY WARRANTY; without even the implied warranty of
## MERCHANTABILITY or FITNESS FOR A PARTICULAR PURPOSE.  See the
## GNU General Public License for more details.
##
## You should have received a copy of the GNU General Public License
## along with this program.  If not, see <http://www.gnu.org/licenses/>.
##
################################################################################
# load_file.sh
#     --append
#     --srid 4283
#     --table peat_landuse_posteuro
#     Shapefiles/EP_Landuse_PostEuro.shp
################################################################################
# load_file.sh
#     --append
#     --srid 4283
#     --table peat_landuse_posteuro
#     Shapefiles/JF_Landuse_PostEuro.shp
################################################################################
# load_file.sh
#     --append
#     --srid 4283
#     --table peat_landuse_posteuro
#     Shapefiles/SCP_Landuse_PostEuro.shp
################################################################################
# load_file.sh
#     --srid 4283
#     --table peat_landuse_posteuro
#     Shapefiles/Warren_Landuse_PostEuro.shp
