################################################################################
##
## Copyright 2022 Jonathan Schultz
##
## This program is free software: you can redistribute it and/or modify
## it under the terms of the GNU General Public License as published by
## the Free Software Foundation, either version 3 of the License, or
## (at your option) any later version.
##
## This program is distributed in the hope that it will be useful,
## but WITHOUT ANY WARRANTY; without even the implied warranty of
## MERCHANTABILITY or FITNESS FOR A PARTICULAR PURPOSE.  See the
## GNU General Public License for more details.
##
## You should have received a copy of the GNU General Public License
## along with this program.  If not, see <http://www.gnu.org/licenses/>.
##
################################################################################
# event_history.sh
#    --nologfile
#    --eventtable "(
SELECT description, native_geom,
       fireseason(fih_date1) AS year,
       ST_Union(ST_Intersection(history.geom,lmu.native_geom)) AS history_geom
FROM land_management_unit AS lmu,
     dbca_fire_history_dbca_060_southern_history AS history, 
     dbca_fire_history_dbca_060 
WHERE ST_Intersects(history.geom, lmu.native_geom)
AND   dbca_fire_history_dbca_060.id = history.id[1]
/* AND   description = 'Blackwood Plateau' AND fih_year1 >= 2020 */
GROUP BY description, native_geom, year)"
#    --eventcolumns "
description;
ST_Area(native_geom::geography)/10000;
${baseyear} - year;
ST_Area(history_geom::geography)/10000;
SUM(ST_Area(history_geom::geography)/10000) OVER (PARTITION BY description ORDER BY -year)"
#    --eventgroups description;year;native_geom;history_geom
#    --order description,-year
#    --eventaliases "LMU name;LMU native veg area;YSLB;Native veg area burned;Native veg area burned cumulative"
#>   --csvfile yslb_by_lmu_native_veg.csv